<?xml version="1.0" encoding="UTF-8"?>
<!-- Generated by org.testng.reporters.JUnitXMLReporter -->
<testsuite ignored="0" hostname="DESKTOP-PP8RICL" failures="3" tests="14" name="Test" time="249.536" errors="0" timestamp="2024-10-12T22:46:36 BDT">
  <testcase classname="testCases.US01_TC001_AccountRegistration" name="varify_accountRegistration_US01_TC001" time="6.974"/>
  <testcase classname="testCases.US01_TC002_ValidUserLogin" name="varify_validUserLogin_US01_TC002" time="12.321"/>
  <testcase classname="testCases.US01_TC003_InvalidUserLogin" name="varify_invalidUserLogin_US01_TC003" time="6.396"/>
  <testcase classname="testCases.US02_TC004_MouseHoverAction" name="varify_mouseHoverAction_US02_TC004" time="0.756"/>
  <testcase classname="testCases.US02_TC005_HoverAndClickSubMenu" name="varify_HoverAndClickSubMenu_US02_TC005" time="1.855"/>
  <testcase classname="testCases.US03_TC006_SortByPriceAscending" name="varify_SortByPriceAscending_Watches_US03_TC006" time="5.365"/>
  <testcase classname="testCases.US03_TC007_SortByPriceDescending" name="varify_SortByPriceAscending_Watches_US03_TC007" time="15.619"/>
  <testcase classname="testCases.US04_TC008_SearchBoxWithValidInput" name="varify_searchBoxWithValidInput_US04_TC008" time="4.957"/>
  <testcase classname="testCases.US04_TC009_SearchBoxWithAnEmptyInput" name="varify_searchBoxWithEmptyInput_US04_TC009" time="5.237">
    <failure type="java.lang.AssertionError" message="Search icon should be disabled for empty input. expected [true] but found [false]">
      <![CDATA[java.lang.AssertionError: Search icon should be disabled for empty input. expected [true] but found [false]
at testCases.US04_TC009_SearchBoxWithAnEmptyInput.varify_searchBoxWithEmptyInput_US04_TC009(US04_TC009_SearchBoxWithAnEmptyInput.java:27)
at java.base/java.util.ArrayList.forEach(ArrayList.java:1596)
... Removed 32 stack frames]]>
    </failure>
  </testcase> <!-- varify_searchBoxWithEmptyInput_US04_TC009 -->
  <testcase classname="testCases.US05_TC010_TertiaryMenuNavigation" name="varify_tertiaryMenuNavigation_US05_TC010" time="5.996"/>
  <testcase classname="testCases.US06_TC011_CartOperations" name="varify_productAddToCart_US06_TC011" time="42.378">
    <failure type="java.lang.AssertionError" message="Test failed due to an exception: element not interactable
  (Session info: chrome=129.0.6668.100)
Build info: version: &amp;apos;4.24.0&amp;apos;, revision: &amp;apos;748ffc9bc3&amp;apos;
System info: os.name: &amp;apos;Windows 10&amp;apos;, os.arch: &amp;apos;amd64&amp;apos;, os.version: &amp;apos;10.0&amp;apos;, java.version: &amp;apos;21.0.1&amp;apos;
Driver info: org.openqa.selenium.chrome.ChromeDriver
Command: [499e41d49ec024f1a63e24dafad9d151, clickElement {id=f.BA2663E0EC2C03FDFC82C366E2378E33.d.B3FFC12D41F3514A0A8DE75B5DC578A8.e.180}]
Capabilities {acceptInsecureCerts: false, browserName: chrome, browserVersion: 129.0.6668.100, chrome: {chromedriverVersion: 129.0.6668.100 (cf58cba358d..., userDataDir: C:\Users\HP\AppData\Local\T...}, fedcm:accounts: true, goog:chromeOptions: {debuggerAddress: localhost:14009}, networkConnectionEnabled: false, pageLoadStrategy: normal, platformName: windows, proxy: Proxy(), se:cdp: ws://localhost:14009/devtoo..., se:cdpVersion: 129.0.6668.100, setWindowRect: true, strictFileInteractability: false, timeouts: {implicit: 0, pageLoad: 300000, script: 30000}, unhandledPromptBehavior: dismiss and notify, webauthn:extension:credBlob: true, webauthn:extension:largeBlob: true, webauthn:extension:minPinLength: true, webauthn:extension:prf: true, webauthn:virtualAuthenticators: true}
Element: [[ChromeDriver: chrome on windows (499e41d49ec024f1a63e24dafad9d151)] -&amp;gt; xpath: //a[@class=&amp;apos;action viewcart&amp;apos;]/span]
Session ID: 499e41d49ec024f1a63e24dafad9d151">
      <![CDATA[java.lang.AssertionError: Test failed due to an exception: element not interactable
  (Session info: chrome=129.0.6668.100)
Build info: version: '4.24.0', revision: '748ffc9bc3'
System info: os.name: 'Windows 10', os.arch: 'amd64', os.version: '10.0', java.version: '21.0.1'
Driver info: org.openqa.selenium.chrome.ChromeDriver
Command: [499e41d49ec024f1a63e24dafad9d151, clickElement {id=f.BA2663E0EC2C03FDFC82C366E2378E33.d.B3FFC12D41F3514A0A8DE75B5DC578A8.e.180}]
Capabilities {acceptInsecureCerts: false, browserName: chrome, browserVersion: 129.0.6668.100, chrome: {chromedriverVersion: 129.0.6668.100 (cf58cba358d..., userDataDir: C:\Users\HP\AppData\Local\T...}, fedcm:accounts: true, goog:chromeOptions: {debuggerAddress: localhost:14009}, networkConnectionEnabled: false, pageLoadStrategy: normal, platformName: windows, proxy: Proxy(), se:cdp: ws://localhost:14009/devtoo..., se:cdpVersion: 129.0.6668.100, setWindowRect: true, strictFileInteractability: false, timeouts: {implicit: 0, pageLoad: 300000, script: 30000}, unhandledPromptBehavior: dismiss and notify, webauthn:extension:credBlob: true, webauthn:extension:largeBlob: true, webauthn:extension:minPinLength: true, webauthn:extension:prf: true, webauthn:virtualAuthenticators: true}
Element: [[ChromeDriver: chrome on windows (499e41d49ec024f1a63e24dafad9d151)] -> xpath: //a[@class='action viewcart']/span]
Session ID: 499e41d49ec024f1a63e24dafad9d151
at testCases.US06_TC011_CartOperations.varify_productAddToCart_US06_TC011(US06_TC011_CartOperations.java:48)
at java.base/java.util.ArrayList.forEach(ArrayList.java:1596)
... Removed 30 stack frames]]>
    </failure>
  </testcase> <!-- varify_productAddToCart_US06_TC011 -->
  <testcase classname="testCases.US06_TC011_CartOperations" name="varify_updateShoppingCart_US06_TC011" time="0.0">
    <skipped/>
  </testcase> <!-- varify_updateShoppingCart_US06_TC011 -->
  <testcase classname="testCases.US06_TC011_CartOperations" name="varify_deleteShoppingCart_US06_TC011" time="0.0">
    <skipped/>
  </testcase> <!-- varify_deleteShoppingCart_US06_TC011 -->
  <testcase classname="testCases.US07_TC012_CheckoutProcess" name="varify_checkoutProcess_US07_TC012" time="69.124">
    <failure type="java.lang.AssertionError" message="Test failed due to an Exceptionelement not interactable
  (Session info: chrome=129.0.6668.100)
Build info: version: &amp;apos;4.24.0&amp;apos;, revision: &amp;apos;748ffc9bc3&amp;apos;
System info: os.name: &amp;apos;Windows 10&amp;apos;, os.arch: &amp;apos;amd64&amp;apos;, os.version: &amp;apos;10.0&amp;apos;, java.version: &amp;apos;21.0.1&amp;apos;
Driver info: org.openqa.selenium.chrome.ChromeDriver
Command: [baad2586e8851082fa62f3b06625bd0a, clickElement {id=f.9E001DBFFFD3C720A99E13815A48EB72.d.76288FAE9591A8B961B83667E2BFFD84.e.338}]
Capabilities {acceptInsecureCerts: false, browserName: chrome, browserVersion: 129.0.6668.100, chrome: {chromedriverVersion: 129.0.6668.100 (cf58cba358d..., userDataDir: C:\Users\HP\AppData\Local\T...}, fedcm:accounts: true, goog:chromeOptions: {debuggerAddress: localhost:14028}, networkConnectionEnabled: false, pageLoadStrategy: normal, platformName: windows, proxy: Proxy(), se:cdp: ws://localhost:14028/devtoo..., se:cdpVersion: 129.0.6668.100, setWindowRect: true, strictFileInteractability: false, timeouts: {implicit: 0, pageLoad: 300000, script: 30000}, unhandledPromptBehavior: dismiss and notify, webauthn:extension:credBlob: true, webauthn:extension:largeBlob: true, webauthn:extension:minPinLength: true, webauthn:extension:prf: true, webauthn:virtualAuthenticators: true}
Element: [[ChromeDriver: chrome on windows (baad2586e8851082fa62f3b06625bd0a)] -&amp;gt; xpath: //a[@class=&amp;apos;action viewcart&amp;apos;]/span]
Session ID: baad2586e8851082fa62f3b06625bd0a">
      <![CDATA[java.lang.AssertionError: Test failed due to an Exceptionelement not interactable
  (Session info: chrome=129.0.6668.100)
Build info: version: '4.24.0', revision: '748ffc9bc3'
System info: os.name: 'Windows 10', os.arch: 'amd64', os.version: '10.0', java.version: '21.0.1'
Driver info: org.openqa.selenium.chrome.ChromeDriver
Command: [baad2586e8851082fa62f3b06625bd0a, clickElement {id=f.9E001DBFFFD3C720A99E13815A48EB72.d.76288FAE9591A8B961B83667E2BFFD84.e.338}]
Capabilities {acceptInsecureCerts: false, browserName: chrome, browserVersion: 129.0.6668.100, chrome: {chromedriverVersion: 129.0.6668.100 (cf58cba358d..., userDataDir: C:\Users\HP\AppData\Local\T...}, fedcm:accounts: true, goog:chromeOptions: {debuggerAddress: localhost:14028}, networkConnectionEnabled: false, pageLoadStrategy: normal, platformName: windows, proxy: Proxy(), se:cdp: ws://localhost:14028/devtoo..., se:cdpVersion: 129.0.6668.100, setWindowRect: true, strictFileInteractability: false, timeouts: {implicit: 0, pageLoad: 300000, script: 30000}, unhandledPromptBehavior: dismiss and notify, webauthn:extension:credBlob: true, webauthn:extension:largeBlob: true, webauthn:extension:minPinLength: true, webauthn:extension:prf: true, webauthn:virtualAuthenticators: true}
Element: [[ChromeDriver: chrome on windows (baad2586e8851082fa62f3b06625bd0a)] -> xpath: //a[@class='action viewcart']/span]
Session ID: baad2586e8851082fa62f3b06625bd0a
at testCases.US07_TC012_CheckoutProcess.varify_checkoutProcess_US07_TC012(US07_TC012_CheckoutProcess.java:73)
at java.base/java.util.ArrayList.forEach(ArrayList.java:1596)
... Removed 30 stack frames]]>
    </failure>
  </testcase> <!-- varify_checkoutProcess_US07_TC012 -->
</testsuite> <!-- Test -->
