<!DOCTYPE html PUBLIC "-//W3C//DTD XHTML 1.1//EN" "https://www.w3.org/TR/xhtml11/DTD/xhtml11.dtd">
<html xmlns="https://www.w3.org/1999/xhtml">
<head>
<meta http-equiv="content-type" content="text/html; charset=UTF-8"/>
<title>TestNG Report</title>
<style type="text/css">table {margin-bottom:10px;border-collapse:collapse;empty-cells:show}th,td {border:1px solid #009;padding:.25em .5em}th {vertical-align:bottom}td {vertical-align:top}table a {font-weight:bold}.stripe td {background-color: #E6EBF9}.num {text-align:right}.passedodd td {background-color: #3F3}.passedeven td {background-color: #0A0}.skippedodd td {background-color: #DDD}.skippedeven td {background-color: #CCC}.failedodd td,.attn {background-color: #F33}.failedeven td,.stripe .attn {background-color: #D00}.stacktrace {white-space:pre;font-family:monospace}.totop {font-size:85%;text-align:center;border-bottom:2px solid #000}.invisible {display:none}</style>
</head>
<body>
<table>
<tr><th>Test</th><th># Passed</th><th># Skipped</th><th># Retried</th><th># Failed</th><th>Time (ms)</th><th>Included Groups</th><th>Excluded Groups</th></tr>
<tr><th colspan="8">Master Suite</th></tr>
<tr><td><a href="#t0">Test</a></td><td class="num">9</td><td class="num attn">2</td><td class="num">0</td><td class="num attn">3</td><td class="num">249,536</td><td></td><td></td></tr>
</table>
<table id='summary'><thead><tr><th>Class</th><th>Method</th><th>Start</th><th>Time (ms)</th></tr></thead><tbody><tr><th colspan="4">Master Suite</th></tr></tbody><tbody id="t0"><tr><th colspan="4">Test &#8212; failed</th></tr><tr class="failedeven"><td rowspan="1">testCases.US04_TC009_SearchBoxWithAnEmptyInput</td><td><a href="#m0">varify_searchBoxWithEmptyInput_US04_TC009</a></td><td rowspan="1">1728751456105</td><td rowspan="1">5237</td></tr><tr class="failedodd"><td rowspan="1">testCases.US06_TC011_CartOperations</td><td><a href="#m1">varify_productAddToCart_US06_TC011</a></td><td rowspan="1">1728751477447</td><td rowspan="1">42378</td></tr><tr class="failedeven"><td rowspan="1">testCases.US07_TC012_CheckoutProcess</td><td><a href="#m2">varify_checkoutProcess_US07_TC012</a></td><td rowspan="1">1728751526067</td><td rowspan="1">69124</td></tr><tr><th colspan="4">Test &#8212; skipped</th></tr><tr class="skippedeven"><td rowspan="2">testCases.US06_TC011_CartOperations</td><td><a href="#m3">varify_deleteShoppingCart_US06_TC011</a></td><td rowspan="1">1728751519923</td><td rowspan="1">0</td></tr><tr class="skippedeven"><td><a href="#m4">varify_updateShoppingCart_US06_TC011</a></td><td rowspan="1">1728751519923</td><td rowspan="1">0</td></tr><tr><th colspan="4">Test &#8212; passed</th></tr><tr class="passedeven"><td rowspan="1">testCases.US01_TC001_AccountRegistration</td><td><a href="#m5">varify_accountRegistration_US01_TC001</a></td><td rowspan="1">1728751355731</td><td rowspan="1">6974</td></tr><tr class="passedodd"><td rowspan="1">testCases.US01_TC002_ValidUserLogin</td><td><a href="#m6">varify_validUserLogin_US01_TC002</a></td><td rowspan="1">1728751368562</td><td rowspan="1">12321</td></tr><tr class="passedeven"><td rowspan="1">testCases.US01_TC003_InvalidUserLogin</td><td><a href="#m7">varify_invalidUserLogin_US01_TC003</a></td><td rowspan="1">1728751385026</td><td rowspan="1">6396</td></tr><tr class="passedodd"><td rowspan="1">testCases.US02_TC004_MouseHoverAction</td><td><a href="#m8">varify_mouseHoverAction_US02_TC004</a></td><td rowspan="1">1728751398957</td><td rowspan="1">756</td></tr><tr class="passedeven"><td rowspan="1">testCases.US02_TC005_HoverAndClickSubMenu</td><td><a href="#m9">varify_HoverAndClickSubMenu_US02_TC005</a></td><td rowspan="1">1728751404928</td><td rowspan="1">1855</td></tr><tr class="passedodd"><td rowspan="1">testCases.US03_TC006_SortByPriceAscending</td><td><a href="#m10">varify_SortByPriceAscending_Watches_US03_TC006</a></td><td rowspan="1">1728751412796</td><td rowspan="1">5365</td></tr><tr class="passedeven"><td rowspan="1">testCases.US03_TC007_SortByPriceDescending</td><td><a href="#m11">varify_SortByPriceAscending_Watches_US03_TC007</a></td><td rowspan="1">1728751426364</td><td rowspan="1">15619</td></tr><tr class="passedodd"><td rowspan="1">testCases.US04_TC008_SearchBoxWithValidInput</td><td><a href="#m12">varify_searchBoxWithValidInput_US04_TC008</a></td><td rowspan="1">1728751446765</td><td rowspan="1">4957</td></tr><tr class="passedeven"><td rowspan="1">testCases.US05_TC010_TertiaryMenuNavigation</td><td><a href="#m13">varify_tertiaryMenuNavigation_US05_TC010</a></td><td rowspan="1">1728751465969</td><td rowspan="1">5996</td></tr></tbody>
</table>
<h2>Test</h2><h3 id="m0">testCases.US04_TC009_SearchBoxWithAnEmptyInput#varify_searchBoxWithEmptyInput_US04_TC009</h3><table class="result"><tr><th>Exception</th></tr><tr><td><div class="stacktrace">java.lang.AssertionError: Search icon should be disabled for empty input. expected [true] but found [false]
	at testCases.US04_TC009_SearchBoxWithAnEmptyInput.varify_searchBoxWithEmptyInput_US04_TC009(US04_TC009_SearchBoxWithAnEmptyInput.java:27)
	at java.base/java.util.ArrayList.forEach(ArrayList.java:1596)
... Removed 32 stack frames</div></td></tr></table><p class="totop"><a href="#summary">back to summary</a></p>
<h3 id="m1">testCases.US06_TC011_CartOperations#varify_productAddToCart_US06_TC011</h3><table class="result"><tr><th>Exception</th></tr><tr><td><div class="stacktrace">java.lang.AssertionError: Test failed due to an exception: element not interactable
  (Session info: chrome=129.0.6668.100)
Build info: version: &apos;4.24.0&apos;, revision: &apos;748ffc9bc3&apos;
System info: os.name: &apos;Windows 10&apos;, os.arch: &apos;amd64&apos;, os.version: &apos;10.0&apos;, java.version: &apos;21.0.1&apos;
Driver info: org.openqa.selenium.chrome.ChromeDriver
Command: [499e41d49ec024f1a63e24dafad9d151, clickElement {id=f.BA2663E0EC2C03FDFC82C366E2378E33.d.B3FFC12D41F3514A0A8DE75B5DC578A8.e.180}]
Capabilities {acceptInsecureCerts: false, browserName: chrome, browserVersion: 129.0.6668.100, chrome: {chromedriverVersion: 129.0.6668.100 (cf58cba358d..., userDataDir: C:\Users\HP\AppData\Local\T...}, fedcm:accounts: true, goog:chromeOptions: {debuggerAddress: localhost:14009}, networkConnectionEnabled: false, pageLoadStrategy: normal, platformName: windows, proxy: Proxy(), se:cdp: ws://localhost:14009/devtoo..., se:cdpVersion: 129.0.6668.100, setWindowRect: true, strictFileInteractability: false, timeouts: {implicit: 0, pageLoad: 300000, script: 30000}, unhandledPromptBehavior: dismiss and notify, webauthn:extension:credBlob: true, webauthn:extension:largeBlob: true, webauthn:extension:minPinLength: true, webauthn:extension:prf: true, webauthn:virtualAuthenticators: true}
Element: [[ChromeDriver: chrome on windows (499e41d49ec024f1a63e24dafad9d151)] -&gt; xpath: //a[@class=&apos;action viewcart&apos;]/span]
Session ID: 499e41d49ec024f1a63e24dafad9d151
	at testCases.US06_TC011_CartOperations.varify_productAddToCart_US06_TC011(US06_TC011_CartOperations.java:48)
	at java.base/java.util.ArrayList.forEach(ArrayList.java:1596)
... Removed 30 stack frames</div></td></tr></table><p class="totop"><a href="#summary">back to summary</a></p>
<h3 id="m2">testCases.US07_TC012_CheckoutProcess#varify_checkoutProcess_US07_TC012</h3><table class="result"><tr><th>Exception</th></tr><tr><td><div class="stacktrace">java.lang.AssertionError: Test failed due to an Exceptionelement not interactable
  (Session info: chrome=129.0.6668.100)
Build info: version: &apos;4.24.0&apos;, revision: &apos;748ffc9bc3&apos;
System info: os.name: &apos;Windows 10&apos;, os.arch: &apos;amd64&apos;, os.version: &apos;10.0&apos;, java.version: &apos;21.0.1&apos;
Driver info: org.openqa.selenium.chrome.ChromeDriver
Command: [baad2586e8851082fa62f3b06625bd0a, clickElement {id=f.9E001DBFFFD3C720A99E13815A48EB72.d.76288FAE9591A8B961B83667E2BFFD84.e.338}]
Capabilities {acceptInsecureCerts: false, browserName: chrome, browserVersion: 129.0.6668.100, chrome: {chromedriverVersion: 129.0.6668.100 (cf58cba358d..., userDataDir: C:\Users\HP\AppData\Local\T...}, fedcm:accounts: true, goog:chromeOptions: {debuggerAddress: localhost:14028}, networkConnectionEnabled: false, pageLoadStrategy: normal, platformName: windows, proxy: Proxy(), se:cdp: ws://localhost:14028/devtoo..., se:cdpVersion: 129.0.6668.100, setWindowRect: true, strictFileInteractability: false, timeouts: {implicit: 0, pageLoad: 300000, script: 30000}, unhandledPromptBehavior: dismiss and notify, webauthn:extension:credBlob: true, webauthn:extension:largeBlob: true, webauthn:extension:minPinLength: true, webauthn:extension:prf: true, webauthn:virtualAuthenticators: true}
Element: [[ChromeDriver: chrome on windows (baad2586e8851082fa62f3b06625bd0a)] -&gt; xpath: //a[@class=&apos;action viewcart&apos;]/span]
Session ID: baad2586e8851082fa62f3b06625bd0a
	at testCases.US07_TC012_CheckoutProcess.varify_checkoutProcess_US07_TC012(US07_TC012_CheckoutProcess.java:73)
	at java.base/java.util.ArrayList.forEach(ArrayList.java:1596)
... Removed 30 stack frames</div></td></tr></table><p class="totop"><a href="#summary">back to summary</a></p>
<h3 id="m3">testCases.US06_TC011_CartOperations#varify_deleteShoppingCart_US06_TC011</h3><table class="result"><tr><th>Exception</th></tr><tr><td><div class="stacktrace">java.lang.Throwable: Method testCases.US06_TC011_CartOperations.varify_deleteShoppingCart_US06_TC011() on instance testCases.US06_TC011_CartOperations@32c726ee depends on not successfully finished methods 
[testCases.US06_TC011_CartOperations.varify_updateShoppingCart_US06_TC011() on instance testCases.US06_TC011_CartOperations@32c726ee]
	at java.base/java.util.ArrayList.forEach(ArrayList.java:1596)
... Removed 22 stack frames</div></td></tr></table><p class="totop"><a href="#summary">back to summary</a></p>
<h3 id="m4">testCases.US06_TC011_CartOperations#varify_updateShoppingCart_US06_TC011</h3><table class="result"><tr><th>Exception</th></tr><tr><td><div class="stacktrace">java.lang.Throwable: Method testCases.US06_TC011_CartOperations.varify_updateShoppingCart_US06_TC011() on instance testCases.US06_TC011_CartOperations@32c726ee depends on not successfully finished methods 
[testCases.US06_TC011_CartOperations.varify_productAddToCart_US06_TC011() on instance testCases.US06_TC011_CartOperations@32c726ee]
	at java.base/java.util.ArrayList.forEach(ArrayList.java:1596)
... Removed 22 stack frames</div></td></tr></table><p class="totop"><a href="#summary">back to summary</a></p>
<h3 id="m5">testCases.US01_TC001_AccountRegistration#varify_accountRegistration_US01_TC001</h3><table class="result"><tr><th class="invisible"/></tr></table><p class="totop"><a href="#summary">back to summary</a></p>
<h3 id="m6">testCases.US01_TC002_ValidUserLogin#varify_validUserLogin_US01_TC002</h3><table class="result"><tr><th class="invisible"/></tr></table><p class="totop"><a href="#summary">back to summary</a></p>
<h3 id="m7">testCases.US01_TC003_InvalidUserLogin#varify_invalidUserLogin_US01_TC003</h3><table class="result"><tr><th class="invisible"/></tr></table><p class="totop"><a href="#summary">back to summary</a></p>
<h3 id="m8">testCases.US02_TC004_MouseHoverAction#varify_mouseHoverAction_US02_TC004</h3><table class="result"><tr><th class="invisible"/></tr></table><p class="totop"><a href="#summary">back to summary</a></p>
<h3 id="m9">testCases.US02_TC005_HoverAndClickSubMenu#varify_HoverAndClickSubMenu_US02_TC005</h3><table class="result"><tr><th class="invisible"/></tr></table><p class="totop"><a href="#summary">back to summary</a></p>
<h3 id="m10">testCases.US03_TC006_SortByPriceAscending#varify_SortByPriceAscending_Watches_US03_TC006</h3><table class="result"><tr><th class="invisible"/></tr></table><p class="totop"><a href="#summary">back to summary</a></p>
<h3 id="m11">testCases.US03_TC007_SortByPriceDescending#varify_SortByPriceAscending_Watches_US03_TC007</h3><table class="result"><tr><th class="invisible"/></tr></table><p class="totop"><a href="#summary">back to summary</a></p>
<h3 id="m12">testCases.US04_TC008_SearchBoxWithValidInput#varify_searchBoxWithValidInput_US04_TC008</h3><table class="result"><tr><th class="invisible"/></tr></table><p class="totop"><a href="#summary">back to summary</a></p>
<h3 id="m13">testCases.US05_TC010_TertiaryMenuNavigation#varify_tertiaryMenuNavigation_US05_TC010</h3><table class="result"><tr><th class="invisible"/></tr></table><p class="totop"><a href="#summary">back to summary</a></p>
</body>
</html>
