<?xml version="1.0" encoding="UTF-8"?>
<testng-results ignored="0" total="14" passed="9" failed="3" skipped="2">
  <reporter-output>
  </reporter-output>
  <suite started-at="2024-10-12T22:42:26 BDT" name="Master Suite" finished-at="2024-10-12T22:46:35 BDT" duration-ms="249536">
    <groups>
      <group name="Sanity">
        <method signature="US06_TC011_CartOperations.varify_productAddToCart_US06_TC011()[pri:0, instance:testCases.US06_TC011_CartOperations@32c726ee]" name="varify_productAddToCart_US06_TC011" class="testCases.US06_TC011_CartOperations"/>
        <method signature="US06_TC011_CartOperations.varify_updateShoppingCart_US06_TC011()[pri:0, instance:testCases.US06_TC011_CartOperations@32c726ee]" name="varify_updateShoppingCart_US06_TC011" class="testCases.US06_TC011_CartOperations"/>
        <method signature="US06_TC011_CartOperations.varify_deleteShoppingCart_US06_TC011()[pri:0, instance:testCases.US06_TC011_CartOperations@32c726ee]" name="varify_deleteShoppingCart_US06_TC011" class="testCases.US06_TC011_CartOperations"/>
        <method signature="US07_TC012_CheckoutProcess.varify_checkoutProcess_US07_TC012()[pri:0, instance:testCases.US07_TC012_CheckoutProcess@22f31dec]" name="varify_checkoutProcess_US07_TC012" class="testCases.US07_TC012_CheckoutProcess"/>
        <method signature="US01_TC001_AccountRegistration.varify_accountRegistration_US01_TC001()[pri:0, instance:testCases.US01_TC001_AccountRegistration@3fed2870]" name="varify_accountRegistration_US01_TC001" class="testCases.US01_TC001_AccountRegistration"/>
        <method signature="US01_TC002_ValidUserLogin.varify_validUserLogin_US01_TC002()[pri:0, instance:testCases.US01_TC002_ValidUserLogin@4c1f22f3]" name="varify_validUserLogin_US01_TC002" class="testCases.US01_TC002_ValidUserLogin"/>
        <method signature="US02_TC005_HoverAndClickSubMenu.varify_HoverAndClickSubMenu_US02_TC005()[pri:0, instance:testCases.US02_TC005_HoverAndClickSubMenu@7ae42ce3]" name="varify_HoverAndClickSubMenu_US02_TC005" class="testCases.US02_TC005_HoverAndClickSubMenu"/>
        <method signature="US03_TC006_SortByPriceAscending.varify_SortByPriceAscending_Watches_US03_TC006()[pri:0, instance:testCases.US03_TC006_SortByPriceAscending@4f5991f6]" name="varify_SortByPriceAscending_Watches_US03_TC006" class="testCases.US03_TC006_SortByPriceAscending"/>
        <method signature="US04_TC008_SearchBoxWithValidInput.varify_searchBoxWithValidInput_US04_TC008()[pri:0, instance:testCases.US04_TC008_SearchBoxWithValidInput@38234a38]" name="varify_searchBoxWithValidInput_US04_TC008" class="testCases.US04_TC008_SearchBoxWithValidInput"/>
        <method signature="US05_TC010_TertiaryMenuNavigation.varify_tertiaryMenuNavigation_US05_TC010()[pri:0, instance:testCases.US05_TC010_TertiaryMenuNavigation@602e0143]" name="varify_tertiaryMenuNavigation_US05_TC010" class="testCases.US05_TC010_TertiaryMenuNavigation"/>
      </group> <!-- Sanity -->
      <group name="Checkout">
        <method signature="US07_TC012_CheckoutProcess.varify_checkoutProcess_US07_TC012()[pri:0, instance:testCases.US07_TC012_CheckoutProcess@22f31dec]" name="varify_checkoutProcess_US07_TC012" class="testCases.US07_TC012_CheckoutProcess"/>
      </group> <!-- Checkout -->
      <group name="UI">
        <method signature="US02_TC004_MouseHoverAction.varify_mouseHoverAction_US02_TC004()[pri:0, instance:testCases.US02_TC004_MouseHoverAction@5a755cc1]" name="varify_mouseHoverAction_US02_TC004" class="testCases.US02_TC004_MouseHoverAction"/>
        <method signature="US02_TC005_HoverAndClickSubMenu.varify_HoverAndClickSubMenu_US02_TC005()[pri:0, instance:testCases.US02_TC005_HoverAndClickSubMenu@7ae42ce3]" name="varify_HoverAndClickSubMenu_US02_TC005" class="testCases.US02_TC005_HoverAndClickSubMenu"/>
        <method signature="US03_TC006_SortByPriceAscending.varify_SortByPriceAscending_Watches_US03_TC006()[pri:0, instance:testCases.US03_TC006_SortByPriceAscending@4f5991f6]" name="varify_SortByPriceAscending_Watches_US03_TC006" class="testCases.US03_TC006_SortByPriceAscending"/>
        <method signature="US03_TC007_SortByPriceDescending.varify_SortByPriceAscending_Watches_US03_TC007()[pri:0, instance:testCases.US03_TC007_SortByPriceDescending@484094a5]" name="varify_SortByPriceAscending_Watches_US03_TC007" class="testCases.US03_TC007_SortByPriceDescending"/>
        <method signature="US05_TC010_TertiaryMenuNavigation.varify_tertiaryMenuNavigation_US05_TC010()[pri:0, instance:testCases.US05_TC010_TertiaryMenuNavigation@602e0143]" name="varify_tertiaryMenuNavigation_US05_TC010" class="testCases.US05_TC010_TertiaryMenuNavigation"/>
      </group> <!-- UI -->
      <group name="Search">
        <method signature="US04_TC008_SearchBoxWithValidInput.varify_searchBoxWithValidInput_US04_TC008()[pri:0, instance:testCases.US04_TC008_SearchBoxWithValidInput@38234a38]" name="varify_searchBoxWithValidInput_US04_TC008" class="testCases.US04_TC008_SearchBoxWithValidInput"/>
        <method signature="US04_TC009_SearchBoxWithAnEmptyInput.varify_searchBoxWithEmptyInput_US04_TC009()[pri:0, instance:testCases.US04_TC009_SearchBoxWithAnEmptyInput@63fbfaeb]" name="varify_searchBoxWithEmptyInput_US04_TC009" class="testCases.US04_TC009_SearchBoxWithAnEmptyInput"/>
      </group> <!-- Search -->
      <group name="UserManagement">
        <method signature="US01_TC001_AccountRegistration.varify_accountRegistration_US01_TC001()[pri:0, instance:testCases.US01_TC001_AccountRegistration@3fed2870]" name="varify_accountRegistration_US01_TC001" class="testCases.US01_TC001_AccountRegistration"/>
        <method signature="US01_TC002_ValidUserLogin.varify_validUserLogin_US01_TC002()[pri:0, instance:testCases.US01_TC002_ValidUserLogin@4c1f22f3]" name="varify_validUserLogin_US01_TC002" class="testCases.US01_TC002_ValidUserLogin"/>
        <method signature="US01_TC003_InvalidUserLogin.varify_invalidUserLogin_US01_TC003()[pri:0, instance:testCases.US01_TC003_InvalidUserLogin@598bd2ba]" name="varify_invalidUserLogin_US01_TC003" class="testCases.US01_TC003_InvalidUserLogin"/>
      </group> <!-- UserManagement -->
      <group name="Regression">
        <method signature="US06_TC011_CartOperations.varify_productAddToCart_US06_TC011()[pri:0, instance:testCases.US06_TC011_CartOperations@32c726ee]" name="varify_productAddToCart_US06_TC011" class="testCases.US06_TC011_CartOperations"/>
        <method signature="US06_TC011_CartOperations.varify_updateShoppingCart_US06_TC011()[pri:0, instance:testCases.US06_TC011_CartOperations@32c726ee]" name="varify_updateShoppingCart_US06_TC011" class="testCases.US06_TC011_CartOperations"/>
        <method signature="US06_TC011_CartOperations.varify_deleteShoppingCart_US06_TC011()[pri:0, instance:testCases.US06_TC011_CartOperations@32c726ee]" name="varify_deleteShoppingCart_US06_TC011" class="testCases.US06_TC011_CartOperations"/>
        <method signature="US07_TC012_CheckoutProcess.varify_checkoutProcess_US07_TC012()[pri:0, instance:testCases.US07_TC012_CheckoutProcess@22f31dec]" name="varify_checkoutProcess_US07_TC012" class="testCases.US07_TC012_CheckoutProcess"/>
        <method signature="US01_TC001_AccountRegistration.varify_accountRegistration_US01_TC001()[pri:0, instance:testCases.US01_TC001_AccountRegistration@3fed2870]" name="varify_accountRegistration_US01_TC001" class="testCases.US01_TC001_AccountRegistration"/>
        <method signature="US01_TC002_ValidUserLogin.varify_validUserLogin_US01_TC002()[pri:0, instance:testCases.US01_TC002_ValidUserLogin@4c1f22f3]" name="varify_validUserLogin_US01_TC002" class="testCases.US01_TC002_ValidUserLogin"/>
        <method signature="US01_TC003_InvalidUserLogin.varify_invalidUserLogin_US01_TC003()[pri:0, instance:testCases.US01_TC003_InvalidUserLogin@598bd2ba]" name="varify_invalidUserLogin_US01_TC003" class="testCases.US01_TC003_InvalidUserLogin"/>
        <method signature="US02_TC004_MouseHoverAction.varify_mouseHoverAction_US02_TC004()[pri:0, instance:testCases.US02_TC004_MouseHoverAction@5a755cc1]" name="varify_mouseHoverAction_US02_TC004" class="testCases.US02_TC004_MouseHoverAction"/>
        <method signature="US02_TC005_HoverAndClickSubMenu.varify_HoverAndClickSubMenu_US02_TC005()[pri:0, instance:testCases.US02_TC005_HoverAndClickSubMenu@7ae42ce3]" name="varify_HoverAndClickSubMenu_US02_TC005" class="testCases.US02_TC005_HoverAndClickSubMenu"/>
        <method signature="US03_TC006_SortByPriceAscending.varify_SortByPriceAscending_Watches_US03_TC006()[pri:0, instance:testCases.US03_TC006_SortByPriceAscending@4f5991f6]" name="varify_SortByPriceAscending_Watches_US03_TC006" class="testCases.US03_TC006_SortByPriceAscending"/>
        <method signature="US03_TC007_SortByPriceDescending.varify_SortByPriceAscending_Watches_US03_TC007()[pri:0, instance:testCases.US03_TC007_SortByPriceDescending@484094a5]" name="varify_SortByPriceAscending_Watches_US03_TC007" class="testCases.US03_TC007_SortByPriceDescending"/>
        <method signature="US04_TC008_SearchBoxWithValidInput.varify_searchBoxWithValidInput_US04_TC008()[pri:0, instance:testCases.US04_TC008_SearchBoxWithValidInput@38234a38]" name="varify_searchBoxWithValidInput_US04_TC008" class="testCases.US04_TC008_SearchBoxWithValidInput"/>
        <method signature="US04_TC009_SearchBoxWithAnEmptyInput.varify_searchBoxWithEmptyInput_US04_TC009()[pri:0, instance:testCases.US04_TC009_SearchBoxWithAnEmptyInput@63fbfaeb]" name="varify_searchBoxWithEmptyInput_US04_TC009" class="testCases.US04_TC009_SearchBoxWithAnEmptyInput"/>
        <method signature="US05_TC010_TertiaryMenuNavigation.varify_tertiaryMenuNavigation_US05_TC010()[pri:0, instance:testCases.US05_TC010_TertiaryMenuNavigation@602e0143]" name="varify_tertiaryMenuNavigation_US05_TC010" class="testCases.US05_TC010_TertiaryMenuNavigation"/>
      </group> <!-- Regression -->
      <group name="Cart">
        <method signature="US06_TC011_CartOperations.varify_productAddToCart_US06_TC011()[pri:0, instance:testCases.US06_TC011_CartOperations@32c726ee]" name="varify_productAddToCart_US06_TC011" class="testCases.US06_TC011_CartOperations"/>
        <method signature="US06_TC011_CartOperations.varify_updateShoppingCart_US06_TC011()[pri:0, instance:testCases.US06_TC011_CartOperations@32c726ee]" name="varify_updateShoppingCart_US06_TC011" class="testCases.US06_TC011_CartOperations"/>
        <method signature="US06_TC011_CartOperations.varify_deleteShoppingCart_US06_TC011()[pri:0, instance:testCases.US06_TC011_CartOperations@32c726ee]" name="varify_deleteShoppingCart_US06_TC011" class="testCases.US06_TC011_CartOperations"/>
        <method signature="US07_TC012_CheckoutProcess.varify_checkoutProcess_US07_TC012()[pri:0, instance:testCases.US07_TC012_CheckoutProcess@22f31dec]" name="varify_checkoutProcess_US07_TC012" class="testCases.US07_TC012_CheckoutProcess"/>
      </group> <!-- Cart -->
    </groups>
    <test started-at="2024-10-12T22:42:26 BDT" name="Test" finished-at="2024-10-12T22:46:35 BDT" duration-ms="249536">
      <class name="testCases.US06_TC011_CartOperations">
        <test-method is-config="true" signature="setup(java.lang.String,java.lang.String)[pri:0, instance:testCases.US06_TC011_CartOperations@32c726ee]" started-at="2024-10-12T22:44:32 BDT" name="setup" finished-at="2024-10-12T22:44:37 BDT" duration-ms="5283" status="PASS">
          <params>
            <param index="0">
              <value>
                <![CDATA[Windows]]>
              </value>
            </param>
            <param index="1">
              <value>
                <![CDATA[chrome]]>
              </value>
            </param>
          </params>
          <reporter-output>
          </reporter-output>
        </test-method> <!-- setup -->
        <test-method signature="varify_productAddToCart_US06_TC011()[pri:0, instance:testCases.US06_TC011_CartOperations@32c726ee]" started-at="2024-10-12T22:44:37 BDT" name="varify_productAddToCart_US06_TC011" finished-at="2024-10-12T22:45:19 BDT" duration-ms="42378" status="FAIL">
          <exception class="java.lang.AssertionError">
            <message>
              <![CDATA[Test failed due to an exception: element not interactable
  (Session info: chrome=129.0.6668.100)
Build info: version: '4.24.0', revision: '748ffc9bc3'
System info: os.name: 'Windows 10', os.arch: 'amd64', os.version: '10.0', java.version: '21.0.1'
Driver info: org.openqa.selenium.chrome.ChromeDriver
Command: [499e41d49ec024f1a63e24dafad9d151, clickElement {id=f.BA2663E0EC2C03FDFC82C366E2378E33.d.B3FFC12D41F3514A0A8DE75B5DC578A8.e.180}]
Capabilities {acceptInsecureCerts: false, browserName: chrome, browserVersion: 129.0.6668.100, chrome: {chromedriverVersion: 129.0.6668.100 (cf58cba358d..., userDataDir: C:\Users\HP\AppData\Local\T...}, fedcm:accounts: true, goog:chromeOptions: {debuggerAddress: localhost:14009}, networkConnectionEnabled: false, pageLoadStrategy: normal, platformName: windows, proxy: Proxy(), se:cdp: ws://localhost:14009/devtoo..., se:cdpVersion: 129.0.6668.100, setWindowRect: true, strictFileInteractability: false, timeouts: {implicit: 0, pageLoad: 300000, script: 30000}, unhandledPromptBehavior: dismiss and notify, webauthn:extension:credBlob: true, webauthn:extension:largeBlob: true, webauthn:extension:minPinLength: true, webauthn:extension:prf: true, webauthn:virtualAuthenticators: true}
Element: [[ChromeDriver: chrome on windows (499e41d49ec024f1a63e24dafad9d151)] -> xpath: //a[@class='action viewcart']/span]
Session ID: 499e41d49ec024f1a63e24dafad9d151]]>
            </message>
            <full-stacktrace>
              <![CDATA[java.lang.AssertionError: Test failed due to an exception: element not interactable
  (Session info: chrome=129.0.6668.100)
Build info: version: '4.24.0', revision: '748ffc9bc3'
System info: os.name: 'Windows 10', os.arch: 'amd64', os.version: '10.0', java.version: '21.0.1'
Driver info: org.openqa.selenium.chrome.ChromeDriver
Command: [499e41d49ec024f1a63e24dafad9d151, clickElement {id=f.BA2663E0EC2C03FDFC82C366E2378E33.d.B3FFC12D41F3514A0A8DE75B5DC578A8.e.180}]
Capabilities {acceptInsecureCerts: false, browserName: chrome, browserVersion: 129.0.6668.100, chrome: {chromedriverVersion: 129.0.6668.100 (cf58cba358d..., userDataDir: C:\Users\HP\AppData\Local\T...}, fedcm:accounts: true, goog:chromeOptions: {debuggerAddress: localhost:14009}, networkConnectionEnabled: false, pageLoadStrategy: normal, platformName: windows, proxy: Proxy(), se:cdp: ws://localhost:14009/devtoo..., se:cdpVersion: 129.0.6668.100, setWindowRect: true, strictFileInteractability: false, timeouts: {implicit: 0, pageLoad: 300000, script: 30000}, unhandledPromptBehavior: dismiss and notify, webauthn:extension:credBlob: true, webauthn:extension:largeBlob: true, webauthn:extension:minPinLength: true, webauthn:extension:prf: true, webauthn:virtualAuthenticators: true}
Element: [[ChromeDriver: chrome on windows (499e41d49ec024f1a63e24dafad9d151)] -> xpath: //a[@class='action viewcart']/span]
Session ID: 499e41d49ec024f1a63e24dafad9d151
at org.testng.Assert.fail(Assert.java:111)
at testCases.US06_TC011_CartOperations.varify_productAddToCart_US06_TC011(US06_TC011_CartOperations.java:48)
at java.base/jdk.internal.reflect.DirectMethodHandleAccessor.invoke(DirectMethodHandleAccessor.java:103)
at java.base/java.lang.reflect.Method.invoke(Method.java:580)
at org.testng.internal.invokers.MethodInvocationHelper.invokeMethod(MethodInvocationHelper.java:141)
at org.testng.internal.invokers.TestInvoker.invokeMethod(TestInvoker.java:686)
at org.testng.internal.invokers.TestInvoker.invokeTestMethod(TestInvoker.java:230)
at org.testng.internal.invokers.MethodRunner.runInSequence(MethodRunner.java:63)
at org.testng.internal.invokers.TestInvoker$MethodInvocationAgent.invoke(TestInvoker.java:992)
at org.testng.internal.invokers.TestInvoker.invokeTestMethods(TestInvoker.java:203)
at org.testng.internal.invokers.TestMethodWorker.invokeTestMethods(TestMethodWorker.java:154)
at org.testng.internal.invokers.TestMethodWorker.run(TestMethodWorker.java:134)
at java.base/java.util.ArrayList.forEach(ArrayList.java:1596)
at org.testng.TestRunner.privateRun(TestRunner.java:739)
at org.testng.TestRunner.run(TestRunner.java:614)
at org.testng.SuiteRunner.runTest(SuiteRunner.java:421)
at org.testng.SuiteRunner.runSequentially(SuiteRunner.java:413)
at org.testng.SuiteRunner.privateRun(SuiteRunner.java:373)
at org.testng.SuiteRunner.run(SuiteRunner.java:312)
at org.testng.SuiteRunnerWorker.runSuite(SuiteRunnerWorker.java:52)
at org.testng.SuiteRunnerWorker.run(SuiteRunnerWorker.java:95)
at org.testng.TestNG.runSuitesSequentially(TestNG.java:1274)
at org.testng.TestNG.runSuitesLocally(TestNG.java:1208)
at org.testng.TestNG.runSuites(TestNG.java:1112)
at org.testng.TestNG.run(TestNG.java:1079)
at org.apache.maven.surefire.testng.TestNGExecutor.run(TestNGExecutor.java:308)
at org.apache.maven.surefire.testng.TestNGXmlTestSuite.execute(TestNGXmlTestSuite.java:71)
at org.apache.maven.surefire.testng.TestNGProvider.invoke(TestNGProvider.java:113)
at org.apache.maven.surefire.booter.ForkedBooter.runSuitesInProcess(ForkedBooter.java:385)
at org.apache.maven.surefire.booter.ForkedBooter.execute(ForkedBooter.java:162)
at org.apache.maven.surefire.booter.ForkedBooter.run(ForkedBooter.java:507)
at org.apache.maven.surefire.booter.ForkedBooter.main(ForkedBooter.java:495)
]]>
            </full-stacktrace>
          </exception> <!-- java.lang.AssertionError -->
          <reporter-output>
          </reporter-output>
        </test-method> <!-- varify_productAddToCart_US06_TC011 -->
        <test-method signature="varify_deleteShoppingCart_US06_TC011()[pri:0, instance:testCases.US06_TC011_CartOperations@32c726ee]" started-at="2024-10-12T22:45:19 BDT" name="varify_deleteShoppingCart_US06_TC011" finished-at="2024-10-12T22:45:19 BDT" depends-on-methods="testCases.US06_TC011_CartOperations.varify_updateShoppingCart_US06_TC011" duration-ms="0" status="SKIP">
          <exception class="java.lang.Throwable">
            <message>
              <![CDATA[Method testCases.US06_TC011_CartOperations.varify_deleteShoppingCart_US06_TC011() on instance testCases.US06_TC011_CartOperations@32c726ee depends on not successfully finished methods 
[testCases.US06_TC011_CartOperations.varify_updateShoppingCart_US06_TC011() on instance testCases.US06_TC011_CartOperations@32c726ee]]]>
            </message>
            <full-stacktrace>
              <![CDATA[java.lang.Throwable: Method testCases.US06_TC011_CartOperations.varify_deleteShoppingCart_US06_TC011() on instance testCases.US06_TC011_CartOperations@32c726ee depends on not successfully finished methods 
[testCases.US06_TC011_CartOperations.varify_updateShoppingCart_US06_TC011() on instance testCases.US06_TC011_CartOperations@32c726ee]
at org.testng.internal.invokers.TestInvoker.invokeTestMethods(TestInvoker.java:159)
at org.testng.internal.invokers.TestMethodWorker.invokeTestMethods(TestMethodWorker.java:154)
at org.testng.internal.invokers.TestMethodWorker.run(TestMethodWorker.java:134)
at java.base/java.util.ArrayList.forEach(ArrayList.java:1596)
at org.testng.TestRunner.privateRun(TestRunner.java:739)
at org.testng.TestRunner.run(TestRunner.java:614)
at org.testng.SuiteRunner.runTest(SuiteRunner.java:421)
at org.testng.SuiteRunner.runSequentially(SuiteRunner.java:413)
at org.testng.SuiteRunner.privateRun(SuiteRunner.java:373)
at org.testng.SuiteRunner.run(SuiteRunner.java:312)
at org.testng.SuiteRunnerWorker.runSuite(SuiteRunnerWorker.java:52)
at org.testng.SuiteRunnerWorker.run(SuiteRunnerWorker.java:95)
at org.testng.TestNG.runSuitesSequentially(TestNG.java:1274)
at org.testng.TestNG.runSuitesLocally(TestNG.java:1208)
at org.testng.TestNG.runSuites(TestNG.java:1112)
at org.testng.TestNG.run(TestNG.java:1079)
at org.apache.maven.surefire.testng.TestNGExecutor.run(TestNGExecutor.java:308)
at org.apache.maven.surefire.testng.TestNGXmlTestSuite.execute(TestNGXmlTestSuite.java:71)
at org.apache.maven.surefire.testng.TestNGProvider.invoke(TestNGProvider.java:113)
at org.apache.maven.surefire.booter.ForkedBooter.runSuitesInProcess(ForkedBooter.java:385)
at org.apache.maven.surefire.booter.ForkedBooter.execute(ForkedBooter.java:162)
at org.apache.maven.surefire.booter.ForkedBooter.run(ForkedBooter.java:507)
at org.apache.maven.surefire.booter.ForkedBooter.main(ForkedBooter.java:495)
]]>
            </full-stacktrace>
          </exception> <!-- java.lang.Throwable -->
          <reporter-output>
          </reporter-output>
        </test-method> <!-- varify_deleteShoppingCart_US06_TC011 -->
        <test-method signature="varify_updateShoppingCart_US06_TC011()[pri:0, instance:testCases.US06_TC011_CartOperations@32c726ee]" started-at="2024-10-12T22:45:19 BDT" name="varify_updateShoppingCart_US06_TC011" finished-at="2024-10-12T22:45:19 BDT" depends-on-methods="testCases.US06_TC011_CartOperations.varify_productAddToCart_US06_TC011" duration-ms="0" status="SKIP">
          <exception class="java.lang.Throwable">
            <message>
              <![CDATA[Method testCases.US06_TC011_CartOperations.varify_updateShoppingCart_US06_TC011() on instance testCases.US06_TC011_CartOperations@32c726ee depends on not successfully finished methods 
[testCases.US06_TC011_CartOperations.varify_productAddToCart_US06_TC011() on instance testCases.US06_TC011_CartOperations@32c726ee]]]>
            </message>
            <full-stacktrace>
              <![CDATA[java.lang.Throwable: Method testCases.US06_TC011_CartOperations.varify_updateShoppingCart_US06_TC011() on instance testCases.US06_TC011_CartOperations@32c726ee depends on not successfully finished methods 
[testCases.US06_TC011_CartOperations.varify_productAddToCart_US06_TC011() on instance testCases.US06_TC011_CartOperations@32c726ee]
at org.testng.internal.invokers.TestInvoker.invokeTestMethods(TestInvoker.java:159)
at org.testng.internal.invokers.TestMethodWorker.invokeTestMethods(TestMethodWorker.java:154)
at org.testng.internal.invokers.TestMethodWorker.run(TestMethodWorker.java:134)
at java.base/java.util.ArrayList.forEach(ArrayList.java:1596)
at org.testng.TestRunner.privateRun(TestRunner.java:739)
at org.testng.TestRunner.run(TestRunner.java:614)
at org.testng.SuiteRunner.runTest(SuiteRunner.java:421)
at org.testng.SuiteRunner.runSequentially(SuiteRunner.java:413)
at org.testng.SuiteRunner.privateRun(SuiteRunner.java:373)
at org.testng.SuiteRunner.run(SuiteRunner.java:312)
at org.testng.SuiteRunnerWorker.runSuite(SuiteRunnerWorker.java:52)
at org.testng.SuiteRunnerWorker.run(SuiteRunnerWorker.java:95)
at org.testng.TestNG.runSuitesSequentially(TestNG.java:1274)
at org.testng.TestNG.runSuitesLocally(TestNG.java:1208)
at org.testng.TestNG.runSuites(TestNG.java:1112)
at org.testng.TestNG.run(TestNG.java:1079)
at org.apache.maven.surefire.testng.TestNGExecutor.run(TestNGExecutor.java:308)
at org.apache.maven.surefire.testng.TestNGXmlTestSuite.execute(TestNGXmlTestSuite.java:71)
at org.apache.maven.surefire.testng.TestNGProvider.invoke(TestNGProvider.java:113)
at org.apache.maven.surefire.booter.ForkedBooter.runSuitesInProcess(ForkedBooter.java:385)
at org.apache.maven.surefire.booter.ForkedBooter.execute(ForkedBooter.java:162)
at org.apache.maven.surefire.booter.ForkedBooter.run(ForkedBooter.java:507)
at org.apache.maven.surefire.booter.ForkedBooter.main(ForkedBooter.java:495)
]]>
            </full-stacktrace>
          </exception> <!-- java.lang.Throwable -->
          <reporter-output>
          </reporter-output>
        </test-method> <!-- varify_updateShoppingCart_US06_TC011 -->
        <test-method is-config="true" signature="tearDown()[pri:0, instance:testCases.US06_TC011_CartOperations@32c726ee]" started-at="2024-10-12T22:45:19 BDT" name="tearDown" finished-at="2024-10-12T22:45:20 BDT" duration-ms="266" status="PASS">
          <reporter-output>
          </reporter-output>
        </test-method> <!-- tearDown -->
      </class> <!-- testCases.US06_TC011_CartOperations -->
      <class name="testCases.US01_TC003_InvalidUserLogin">
        <test-method is-config="true" signature="setup(java.lang.String,java.lang.String)[pri:0, instance:testCases.US01_TC003_InvalidUserLogin@598bd2ba]" started-at="2024-10-12T22:43:01 BDT" name="setup" finished-at="2024-10-12T22:43:05 BDT" duration-ms="3915" status="PASS">
          <params>
            <param index="0">
              <value>
                <![CDATA[Windows]]>
              </value>
            </param>
            <param index="1">
              <value>
                <![CDATA[chrome]]>
              </value>
            </param>
          </params>
          <reporter-output>
          </reporter-output>
        </test-method> <!-- setup -->
        <test-method signature="varify_invalidUserLogin_US01_TC003()[pri:0, instance:testCases.US01_TC003_InvalidUserLogin@598bd2ba]" started-at="2024-10-12T22:43:05 BDT" name="varify_invalidUserLogin_US01_TC003" finished-at="2024-10-12T22:43:11 BDT" duration-ms="6396" status="PASS">
          <reporter-output>
          </reporter-output>
        </test-method> <!-- varify_invalidUserLogin_US01_TC003 -->
        <test-method is-config="true" signature="tearDown()[pri:0, instance:testCases.US01_TC003_InvalidUserLogin@598bd2ba]" started-at="2024-10-12T22:43:11 BDT" name="tearDown" finished-at="2024-10-12T22:43:11 BDT" duration-ms="549" status="PASS">
          <reporter-output>
          </reporter-output>
        </test-method> <!-- tearDown -->
      </class> <!-- testCases.US01_TC003_InvalidUserLogin -->
      <class name="testCases.US07_TC012_CheckoutProcess">
        <test-method is-config="true" signature="setup(java.lang.String,java.lang.String)[pri:0, instance:testCases.US07_TC012_CheckoutProcess@22f31dec]" started-at="2024-10-12T22:45:20 BDT" name="setup" finished-at="2024-10-12T22:45:26 BDT" duration-ms="5878" status="PASS">
          <params>
            <param index="0">
              <value>
                <![CDATA[Windows]]>
              </value>
            </param>
            <param index="1">
              <value>
                <![CDATA[chrome]]>
              </value>
            </param>
          </params>
          <reporter-output>
          </reporter-output>
        </test-method> <!-- setup -->
        <test-method signature="varify_checkoutProcess_US07_TC012()[pri:0, instance:testCases.US07_TC012_CheckoutProcess@22f31dec]" started-at="2024-10-12T22:45:26 BDT" name="varify_checkoutProcess_US07_TC012" finished-at="2024-10-12T22:46:35 BDT" duration-ms="69124" status="FAIL">
          <exception class="java.lang.AssertionError">
            <message>
              <![CDATA[Test failed due to an Exceptionelement not interactable
  (Session info: chrome=129.0.6668.100)
Build info: version: '4.24.0', revision: '748ffc9bc3'
System info: os.name: 'Windows 10', os.arch: 'amd64', os.version: '10.0', java.version: '21.0.1'
Driver info: org.openqa.selenium.chrome.ChromeDriver
Command: [baad2586e8851082fa62f3b06625bd0a, clickElement {id=f.9E001DBFFFD3C720A99E13815A48EB72.d.76288FAE9591A8B961B83667E2BFFD84.e.338}]
Capabilities {acceptInsecureCerts: false, browserName: chrome, browserVersion: 129.0.6668.100, chrome: {chromedriverVersion: 129.0.6668.100 (cf58cba358d..., userDataDir: C:\Users\HP\AppData\Local\T...}, fedcm:accounts: true, goog:chromeOptions: {debuggerAddress: localhost:14028}, networkConnectionEnabled: false, pageLoadStrategy: normal, platformName: windows, proxy: Proxy(), se:cdp: ws://localhost:14028/devtoo..., se:cdpVersion: 129.0.6668.100, setWindowRect: true, strictFileInteractability: false, timeouts: {implicit: 0, pageLoad: 300000, script: 30000}, unhandledPromptBehavior: dismiss and notify, webauthn:extension:credBlob: true, webauthn:extension:largeBlob: true, webauthn:extension:minPinLength: true, webauthn:extension:prf: true, webauthn:virtualAuthenticators: true}
Element: [[ChromeDriver: chrome on windows (baad2586e8851082fa62f3b06625bd0a)] -> xpath: //a[@class='action viewcart']/span]
Session ID: baad2586e8851082fa62f3b06625bd0a]]>
            </message>
            <full-stacktrace>
              <![CDATA[java.lang.AssertionError: Test failed due to an Exceptionelement not interactable
  (Session info: chrome=129.0.6668.100)
Build info: version: '4.24.0', revision: '748ffc9bc3'
System info: os.name: 'Windows 10', os.arch: 'amd64', os.version: '10.0', java.version: '21.0.1'
Driver info: org.openqa.selenium.chrome.ChromeDriver
Command: [baad2586e8851082fa62f3b06625bd0a, clickElement {id=f.9E001DBFFFD3C720A99E13815A48EB72.d.76288FAE9591A8B961B83667E2BFFD84.e.338}]
Capabilities {acceptInsecureCerts: false, browserName: chrome, browserVersion: 129.0.6668.100, chrome: {chromedriverVersion: 129.0.6668.100 (cf58cba358d..., userDataDir: C:\Users\HP\AppData\Local\T...}, fedcm:accounts: true, goog:chromeOptions: {debuggerAddress: localhost:14028}, networkConnectionEnabled: false, pageLoadStrategy: normal, platformName: windows, proxy: Proxy(), se:cdp: ws://localhost:14028/devtoo..., se:cdpVersion: 129.0.6668.100, setWindowRect: true, strictFileInteractability: false, timeouts: {implicit: 0, pageLoad: 300000, script: 30000}, unhandledPromptBehavior: dismiss and notify, webauthn:extension:credBlob: true, webauthn:extension:largeBlob: true, webauthn:extension:minPinLength: true, webauthn:extension:prf: true, webauthn:virtualAuthenticators: true}
Element: [[ChromeDriver: chrome on windows (baad2586e8851082fa62f3b06625bd0a)] -> xpath: //a[@class='action viewcart']/span]
Session ID: baad2586e8851082fa62f3b06625bd0a
at org.testng.Assert.fail(Assert.java:111)
at testCases.US07_TC012_CheckoutProcess.varify_checkoutProcess_US07_TC012(US07_TC012_CheckoutProcess.java:73)
at java.base/jdk.internal.reflect.DirectMethodHandleAccessor.invoke(DirectMethodHandleAccessor.java:103)
at java.base/java.lang.reflect.Method.invoke(Method.java:580)
at org.testng.internal.invokers.MethodInvocationHelper.invokeMethod(MethodInvocationHelper.java:141)
at org.testng.internal.invokers.TestInvoker.invokeMethod(TestInvoker.java:686)
at org.testng.internal.invokers.TestInvoker.invokeTestMethod(TestInvoker.java:230)
at org.testng.internal.invokers.MethodRunner.runInSequence(MethodRunner.java:63)
at org.testng.internal.invokers.TestInvoker$MethodInvocationAgent.invoke(TestInvoker.java:992)
at org.testng.internal.invokers.TestInvoker.invokeTestMethods(TestInvoker.java:203)
at org.testng.internal.invokers.TestMethodWorker.invokeTestMethods(TestMethodWorker.java:154)
at org.testng.internal.invokers.TestMethodWorker.run(TestMethodWorker.java:134)
at java.base/java.util.ArrayList.forEach(ArrayList.java:1596)
at org.testng.TestRunner.privateRun(TestRunner.java:739)
at org.testng.TestRunner.run(TestRunner.java:614)
at org.testng.SuiteRunner.runTest(SuiteRunner.java:421)
at org.testng.SuiteRunner.runSequentially(SuiteRunner.java:413)
at org.testng.SuiteRunner.privateRun(SuiteRunner.java:373)
at org.testng.SuiteRunner.run(SuiteRunner.java:312)
at org.testng.SuiteRunnerWorker.runSuite(SuiteRunnerWorker.java:52)
at org.testng.SuiteRunnerWorker.run(SuiteRunnerWorker.java:95)
at org.testng.TestNG.runSuitesSequentially(TestNG.java:1274)
at org.testng.TestNG.runSuitesLocally(TestNG.java:1208)
at org.testng.TestNG.runSuites(TestNG.java:1112)
at org.testng.TestNG.run(TestNG.java:1079)
at org.apache.maven.surefire.testng.TestNGExecutor.run(TestNGExecutor.java:308)
at org.apache.maven.surefire.testng.TestNGXmlTestSuite.execute(TestNGXmlTestSuite.java:71)
at org.apache.maven.surefire.testng.TestNGProvider.invoke(TestNGProvider.java:113)
at org.apache.maven.surefire.booter.ForkedBooter.runSuitesInProcess(ForkedBooter.java:385)
at org.apache.maven.surefire.booter.ForkedBooter.execute(ForkedBooter.java:162)
at org.apache.maven.surefire.booter.ForkedBooter.run(ForkedBooter.java:507)
at org.apache.maven.surefire.booter.ForkedBooter.main(ForkedBooter.java:495)
]]>
            </full-stacktrace>
          </exception> <!-- java.lang.AssertionError -->
          <reporter-output>
          </reporter-output>
        </test-method> <!-- varify_checkoutProcess_US07_TC012 -->
        <test-method is-config="true" signature="tearDown()[pri:0, instance:testCases.US07_TC012_CheckoutProcess@22f31dec]" started-at="2024-10-12T22:46:35 BDT" name="tearDown" finished-at="2024-10-12T22:46:35 BDT" duration-ms="250" status="PASS">
          <reporter-output>
          </reporter-output>
        </test-method> <!-- tearDown -->
      </class> <!-- testCases.US07_TC012_CheckoutProcess -->
      <class name="testCases.US05_TC010_TertiaryMenuNavigation">
        <test-method is-config="true" signature="setup(java.lang.String,java.lang.String)[pri:0, instance:testCases.US05_TC010_TertiaryMenuNavigation@602e0143]" started-at="2024-10-12T22:44:21 BDT" name="setup" finished-at="2024-10-12T22:44:25 BDT" duration-ms="4179" status="PASS">
          <params>
            <param index="0">
              <value>
                <![CDATA[Windows]]>
              </value>
            </param>
            <param index="1">
              <value>
                <![CDATA[chrome]]>
              </value>
            </param>
          </params>
          <reporter-output>
          </reporter-output>
        </test-method> <!-- setup -->
        <test-method signature="varify_tertiaryMenuNavigation_US05_TC010()[pri:0, instance:testCases.US05_TC010_TertiaryMenuNavigation@602e0143]" started-at="2024-10-12T22:44:25 BDT" name="varify_tertiaryMenuNavigation_US05_TC010" finished-at="2024-10-12T22:44:31 BDT" duration-ms="5996" status="PASS">
          <reporter-output>
          </reporter-output>
        </test-method> <!-- varify_tertiaryMenuNavigation_US05_TC010 -->
        <test-method is-config="true" signature="tearDown()[pri:0, instance:testCases.US05_TC010_TertiaryMenuNavigation@602e0143]" started-at="2024-10-12T22:44:31 BDT" name="tearDown" finished-at="2024-10-12T22:44:32 BDT" duration-ms="197" status="PASS">
          <reporter-output>
          </reporter-output>
        </test-method> <!-- tearDown -->
      </class> <!-- testCases.US05_TC010_TertiaryMenuNavigation -->
      <class name="testCases.US03_TC007_SortByPriceDescending">
        <test-method is-config="true" signature="setup(java.lang.String,java.lang.String)[pri:0, instance:testCases.US03_TC007_SortByPriceDescending@484094a5]" started-at="2024-10-12T22:43:38 BDT" name="setup" finished-at="2024-10-12T22:43:46 BDT" duration-ms="7966" status="PASS">
          <params>
            <param index="0">
              <value>
                <![CDATA[Windows]]>
              </value>
            </param>
            <param index="1">
              <value>
                <![CDATA[chrome]]>
              </value>
            </param>
          </params>
          <reporter-output>
          </reporter-output>
        </test-method> <!-- setup -->
        <test-method signature="varify_SortByPriceAscending_Watches_US03_TC007()[pri:0, instance:testCases.US03_TC007_SortByPriceDescending@484094a5]" started-at="2024-10-12T22:43:46 BDT" name="varify_SortByPriceAscending_Watches_US03_TC007" finished-at="2024-10-12T22:44:01 BDT" duration-ms="15619" status="PASS">
          <reporter-output>
          </reporter-output>
        </test-method> <!-- varify_SortByPriceAscending_Watches_US03_TC007 -->
        <test-method is-config="true" signature="tearDown()[pri:0, instance:testCases.US03_TC007_SortByPriceDescending@484094a5]" started-at="2024-10-12T22:44:01 BDT" name="tearDown" finished-at="2024-10-12T22:44:02 BDT" duration-ms="265" status="PASS">
          <reporter-output>
          </reporter-output>
        </test-method> <!-- tearDown -->
      </class> <!-- testCases.US03_TC007_SortByPriceDescending -->
      <class name="testCases.US04_TC008_SearchBoxWithValidInput">
        <test-method is-config="true" signature="setup(java.lang.String,java.lang.String)[pri:0, instance:testCases.US04_TC008_SearchBoxWithValidInput@38234a38]" started-at="2024-10-12T22:44:02 BDT" name="setup" finished-at="2024-10-12T22:44:06 BDT" duration-ms="4516" status="PASS">
          <params>
            <param index="0">
              <value>
                <![CDATA[Windows]]>
              </value>
            </param>
            <param index="1">
              <value>
                <![CDATA[chrome]]>
              </value>
            </param>
          </params>
          <reporter-output>
          </reporter-output>
        </test-method> <!-- setup -->
        <test-method signature="varify_searchBoxWithValidInput_US04_TC008()[pri:0, instance:testCases.US04_TC008_SearchBoxWithValidInput@38234a38]" started-at="2024-10-12T22:44:06 BDT" name="varify_searchBoxWithValidInput_US04_TC008" finished-at="2024-10-12T22:44:11 BDT" duration-ms="4957" status="PASS">
          <reporter-output>
          </reporter-output>
        </test-method> <!-- varify_searchBoxWithValidInput_US04_TC008 -->
        <test-method is-config="true" signature="tearDown()[pri:0, instance:testCases.US04_TC008_SearchBoxWithValidInput@38234a38]" started-at="2024-10-12T22:44:11 BDT" name="tearDown" finished-at="2024-10-12T22:44:11 BDT" duration-ms="267" status="PASS">
          <reporter-output>
          </reporter-output>
        </test-method> <!-- tearDown -->
      </class> <!-- testCases.US04_TC008_SearchBoxWithValidInput -->
      <class name="testCases.US03_TC006_SortByPriceAscending">
        <test-method is-config="true" signature="setup(java.lang.String,java.lang.String)[pri:0, instance:testCases.US03_TC006_SortByPriceAscending@4f5991f6]" started-at="2024-10-12T22:43:27 BDT" name="setup" finished-at="2024-10-12T22:43:32 BDT" duration-ms="5783" status="PASS">
          <params>
            <param index="0">
              <value>
                <![CDATA[Windows]]>
              </value>
            </param>
            <param index="1">
              <value>
                <![CDATA[chrome]]>
              </value>
            </param>
          </params>
          <reporter-output>
          </reporter-output>
        </test-method> <!-- setup -->
        <test-method signature="varify_SortByPriceAscending_Watches_US03_TC006()[pri:0, instance:testCases.US03_TC006_SortByPriceAscending@4f5991f6]" started-at="2024-10-12T22:43:32 BDT" name="varify_SortByPriceAscending_Watches_US03_TC006" finished-at="2024-10-12T22:43:38 BDT" duration-ms="5365" status="PASS">
          <reporter-output>
          </reporter-output>
        </test-method> <!-- varify_SortByPriceAscending_Watches_US03_TC006 -->
        <test-method is-config="true" signature="tearDown()[pri:0, instance:testCases.US03_TC006_SortByPriceAscending@4f5991f6]" started-at="2024-10-12T22:43:38 BDT" name="tearDown" finished-at="2024-10-12T22:43:38 BDT" duration-ms="236" status="PASS">
          <reporter-output>
          </reporter-output>
        </test-method> <!-- tearDown -->
      </class> <!-- testCases.US03_TC006_SortByPriceAscending -->
      <class name="testCases.US02_TC004_MouseHoverAction">
        <test-method is-config="true" signature="setup(java.lang.String,java.lang.String)[pri:0, instance:testCases.US02_TC004_MouseHoverAction@5a755cc1]" started-at="2024-10-12T22:43:11 BDT" name="setup" finished-at="2024-10-12T22:43:18 BDT" duration-ms="6984" status="PASS">
          <params>
            <param index="0">
              <value>
                <![CDATA[Windows]]>
              </value>
            </param>
            <param index="1">
              <value>
                <![CDATA[chrome]]>
              </value>
            </param>
          </params>
          <reporter-output>
          </reporter-output>
        </test-method> <!-- setup -->
        <test-method signature="varify_mouseHoverAction_US02_TC004()[pri:0, instance:testCases.US02_TC004_MouseHoverAction@5a755cc1]" started-at="2024-10-12T22:43:18 BDT" name="varify_mouseHoverAction_US02_TC004" finished-at="2024-10-12T22:43:19 BDT" duration-ms="756" status="PASS">
          <reporter-output>
          </reporter-output>
        </test-method> <!-- varify_mouseHoverAction_US02_TC004 -->
        <test-method is-config="true" signature="tearDown()[pri:0, instance:testCases.US02_TC004_MouseHoverAction@5a755cc1]" started-at="2024-10-12T22:43:19 BDT" name="tearDown" finished-at="2024-10-12T22:43:19 BDT" duration-ms="230" status="PASS">
          <reporter-output>
          </reporter-output>
        </test-method> <!-- tearDown -->
      </class> <!-- testCases.US02_TC004_MouseHoverAction -->
      <class name="testCases.US02_TC005_HoverAndClickSubMenu">
        <test-method is-config="true" signature="setup(java.lang.String,java.lang.String)[pri:0, instance:testCases.US02_TC005_HoverAndClickSubMenu@7ae42ce3]" started-at="2024-10-12T22:43:19 BDT" name="setup" finished-at="2024-10-12T22:43:24 BDT" duration-ms="4979" status="PASS">
          <params>
            <param index="0">
              <value>
                <![CDATA[Windows]]>
              </value>
            </param>
            <param index="1">
              <value>
                <![CDATA[chrome]]>
              </value>
            </param>
          </params>
          <reporter-output>
          </reporter-output>
        </test-method> <!-- setup -->
        <test-method signature="varify_HoverAndClickSubMenu_US02_TC005()[pri:0, instance:testCases.US02_TC005_HoverAndClickSubMenu@7ae42ce3]" started-at="2024-10-12T22:43:24 BDT" name="varify_HoverAndClickSubMenu_US02_TC005" finished-at="2024-10-12T22:43:26 BDT" duration-ms="1855" status="PASS">
          <reporter-output>
          </reporter-output>
        </test-method> <!-- varify_HoverAndClickSubMenu_US02_TC005 -->
        <test-method is-config="true" signature="tearDown()[pri:0, instance:testCases.US02_TC005_HoverAndClickSubMenu@7ae42ce3]" started-at="2024-10-12T22:43:26 BDT" name="tearDown" finished-at="2024-10-12T22:43:27 BDT" duration-ms="226" status="PASS">
          <reporter-output>
          </reporter-output>
        </test-method> <!-- tearDown -->
      </class> <!-- testCases.US02_TC005_HoverAndClickSubMenu -->
      <class name="testCases.US04_TC009_SearchBoxWithAnEmptyInput">
        <test-method is-config="true" signature="setup(java.lang.String,java.lang.String)[pri:0, instance:testCases.US04_TC009_SearchBoxWithAnEmptyInput@63fbfaeb]" started-at="2024-10-12T22:44:11 BDT" name="setup" finished-at="2024-10-12T22:44:16 BDT" duration-ms="4114" status="PASS">
          <params>
            <param index="0">
              <value>
                <![CDATA[Windows]]>
              </value>
            </param>
            <param index="1">
              <value>
                <![CDATA[chrome]]>
              </value>
            </param>
          </params>
          <reporter-output>
          </reporter-output>
        </test-method> <!-- setup -->
        <test-method signature="varify_searchBoxWithEmptyInput_US04_TC009()[pri:0, instance:testCases.US04_TC009_SearchBoxWithAnEmptyInput@63fbfaeb]" started-at="2024-10-12T22:44:16 BDT" name="varify_searchBoxWithEmptyInput_US04_TC009" finished-at="2024-10-12T22:44:21 BDT" duration-ms="5237" status="FAIL">
          <exception class="java.lang.AssertionError">
            <message>
              <![CDATA[Search icon should be disabled for empty input. expected [true] but found [false]]]>
            </message>
            <full-stacktrace>
              <![CDATA[java.lang.AssertionError: Search icon should be disabled for empty input. expected [true] but found [false]
at org.testng.Assert.fail(Assert.java:111)
at org.testng.Assert.failNotEquals(Assert.java:1578)
at org.testng.Assert.assertTrue(Assert.java:57)
at testCases.US04_TC009_SearchBoxWithAnEmptyInput.varify_searchBoxWithEmptyInput_US04_TC009(US04_TC009_SearchBoxWithAnEmptyInput.java:27)
at java.base/jdk.internal.reflect.DirectMethodHandleAccessor.invoke(DirectMethodHandleAccessor.java:103)
at java.base/java.lang.reflect.Method.invoke(Method.java:580)
at org.testng.internal.invokers.MethodInvocationHelper.invokeMethod(MethodInvocationHelper.java:141)
at org.testng.internal.invokers.TestInvoker.invokeMethod(TestInvoker.java:686)
at org.testng.internal.invokers.TestInvoker.invokeTestMethod(TestInvoker.java:230)
at org.testng.internal.invokers.MethodRunner.runInSequence(MethodRunner.java:63)
at org.testng.internal.invokers.TestInvoker$MethodInvocationAgent.invoke(TestInvoker.java:992)
at org.testng.internal.invokers.TestInvoker.invokeTestMethods(TestInvoker.java:203)
at org.testng.internal.invokers.TestMethodWorker.invokeTestMethods(TestMethodWorker.java:154)
at org.testng.internal.invokers.TestMethodWorker.run(TestMethodWorker.java:134)
at java.base/java.util.ArrayList.forEach(ArrayList.java:1596)
at org.testng.TestRunner.privateRun(TestRunner.java:739)
at org.testng.TestRunner.run(TestRunner.java:614)
at org.testng.SuiteRunner.runTest(SuiteRunner.java:421)
at org.testng.SuiteRunner.runSequentially(SuiteRunner.java:413)
at org.testng.SuiteRunner.privateRun(SuiteRunner.java:373)
at org.testng.SuiteRunner.run(SuiteRunner.java:312)
at org.testng.SuiteRunnerWorker.runSuite(SuiteRunnerWorker.java:52)
at org.testng.SuiteRunnerWorker.run(SuiteRunnerWorker.java:95)
at org.testng.TestNG.runSuitesSequentially(TestNG.java:1274)
at org.testng.TestNG.runSuitesLocally(TestNG.java:1208)
at org.testng.TestNG.runSuites(TestNG.java:1112)
at org.testng.TestNG.run(TestNG.java:1079)
at org.apache.maven.surefire.testng.TestNGExecutor.run(TestNGExecutor.java:308)
at org.apache.maven.surefire.testng.TestNGXmlTestSuite.execute(TestNGXmlTestSuite.java:71)
at org.apache.maven.surefire.testng.TestNGProvider.invoke(TestNGProvider.java:113)
at org.apache.maven.surefire.booter.ForkedBooter.runSuitesInProcess(ForkedBooter.java:385)
at org.apache.maven.surefire.booter.ForkedBooter.execute(ForkedBooter.java:162)
at org.apache.maven.surefire.booter.ForkedBooter.run(ForkedBooter.java:507)
at org.apache.maven.surefire.booter.ForkedBooter.main(ForkedBooter.java:495)
]]>
            </full-stacktrace>
          </exception> <!-- java.lang.AssertionError -->
          <reporter-output>
          </reporter-output>
        </test-method> <!-- varify_searchBoxWithEmptyInput_US04_TC009 -->
        <test-method is-config="true" signature="tearDown()[pri:0, instance:testCases.US04_TC009_SearchBoxWithAnEmptyInput@63fbfaeb]" started-at="2024-10-12T22:44:21 BDT" name="tearDown" finished-at="2024-10-12T22:44:21 BDT" duration-ms="228" status="PASS">
          <reporter-output>
          </reporter-output>
        </test-method> <!-- tearDown -->
      </class> <!-- testCases.US04_TC009_SearchBoxWithAnEmptyInput -->
      <class name="testCases.US01_TC002_ValidUserLogin">
        <test-method is-config="true" signature="setup(java.lang.String,java.lang.String)[pri:0, instance:testCases.US01_TC002_ValidUserLogin@4c1f22f3]" started-at="2024-10-12T22:42:43 BDT" name="setup" finished-at="2024-10-12T22:42:48 BDT" duration-ms="5447" status="PASS">
          <params>
            <param index="0">
              <value>
                <![CDATA[Windows]]>
              </value>
            </param>
            <param index="1">
              <value>
                <![CDATA[chrome]]>
              </value>
            </param>
          </params>
          <reporter-output>
          </reporter-output>
        </test-method> <!-- setup -->
        <test-method signature="varify_validUserLogin_US01_TC002()[pri:0, instance:testCases.US01_TC002_ValidUserLogin@4c1f22f3]" started-at="2024-10-12T22:42:48 BDT" name="varify_validUserLogin_US01_TC002" finished-at="2024-10-12T22:43:00 BDT" duration-ms="12321" status="PASS">
          <reporter-output>
          </reporter-output>
        </test-method> <!-- varify_validUserLogin_US01_TC002 -->
        <test-method is-config="true" signature="tearDown()[pri:0, instance:testCases.US01_TC002_ValidUserLogin@4c1f22f3]" started-at="2024-10-12T22:43:00 BDT" name="tearDown" finished-at="2024-10-12T22:43:01 BDT" duration-ms="228" status="PASS">
          <reporter-output>
          </reporter-output>
        </test-method> <!-- tearDown -->
      </class> <!-- testCases.US01_TC002_ValidUserLogin -->
      <class name="testCases.US01_TC001_AccountRegistration">
        <test-method is-config="true" signature="setup(java.lang.String,java.lang.String)[pri:0, instance:testCases.US01_TC001_AccountRegistration@3fed2870]" started-at="2024-10-12T22:42:26 BDT" name="setup" finished-at="2024-10-12T22:42:35 BDT" duration-ms="9483" status="PASS">
          <params>
            <param index="0">
              <value>
                <![CDATA[Windows]]>
              </value>
            </param>
            <param index="1">
              <value>
                <![CDATA[chrome]]>
              </value>
            </param>
          </params>
          <reporter-output>
          </reporter-output>
        </test-method> <!-- setup -->
        <test-method signature="varify_accountRegistration_US01_TC001()[pri:0, instance:testCases.US01_TC001_AccountRegistration@3fed2870]" started-at="2024-10-12T22:42:35 BDT" name="varify_accountRegistration_US01_TC001" finished-at="2024-10-12T22:42:42 BDT" duration-ms="6974" status="PASS">
          <reporter-output>
          </reporter-output>
        </test-method> <!-- varify_accountRegistration_US01_TC001 -->
        <test-method is-config="true" signature="tearDown()[pri:0, instance:testCases.US01_TC001_AccountRegistration@3fed2870]" started-at="2024-10-12T22:42:42 BDT" name="tearDown" finished-at="2024-10-12T22:42:43 BDT" duration-ms="394" status="PASS">
          <reporter-output>
          </reporter-output>
        </test-method> <!-- tearDown -->
      </class> <!-- testCases.US01_TC001_AccountRegistration -->
    </test> <!-- Test -->
  </suite> <!-- Master Suite -->
</testng-results>
